[07Mar2025 00:00:32.071] [Server thread/INFO] [net.minecraft.server.network.ServerGamePacketListenerImpl/]: DuNvrGazO lost connection: Disconnected
[07Mar2025 00:00:32.074] [Server thread/INFO] [net.minecraft.server.MinecraftServer/]: DuNvrGazO left the game
[07Mar2025 00:02:08.622] [Server thread/INFO] [net.minecraft.server.MinecraftServer/]: Revan_0429 was slain by Crystalian
[07Mar2025 00:02:08.634] [Server thread/INFO] [tombstone/]: The player Revan_0429 has successfully been saved
[07Mar2025 00:03:12.355] [Netty Epoll Server IO #2/ERROR] [net.minecraftforge.network.simple.IndexedMessageCodec/SIMPLENET]: Received empty payload on channel fml:handshake
[07Mar2025 00:03:12.576] [Netty Epoll Server IO #2/ERROR] [net.minecraftforge.network.simple.IndexedMessageCodec/SIMPLENET]: Received empty payload on channel fml:handshake
[07Mar2025 00:03:12.576] [Netty Epoll Server IO #2/INFO] [net.minecraft.server.network.ServerLoginPacketListenerImpl/]: Disconnecting com.mojang.authlib.GameProfile@7c104310[id=<null>,name=david150,properties={},legacy=false] (/127.249.134.132:49573): Unexpected custom data from client
[07Mar2025 00:03:12.621] [Server thread/INFO] [net.minecraft.server.network.ServerLoginPacketListenerImpl/]: com.mojang.authlib.GameProfile@7c104310[id=<null>,name=david150,properties={},legacy=false] (/127.249.134.132:49573) lost connection: Unexpected custom data from client
[07Mar2025 00:03:18.105] [Netty Epoll Server IO #3/ERROR] [net.minecraftforge.network.simple.IndexedMessageCodec/SIMPLENET]: Received empty payload on channel fml:handshake
[07Mar2025 00:03:18.282] [Netty Epoll Server IO #3/ERROR] [net.minecraftforge.network.simple.IndexedMessageCodec/SIMPLENET]: Received empty payload on channel fml:handshake
[07Mar2025 00:03:18.282] [Netty Epoll Server IO #3/INFO] [net.minecraft.server.network.ServerLoginPacketListenerImpl/]: Disconnecting com.mojang.authlib.GameProfile@313c4acf[id=<null>,name=david150,properties={},legacy=false] (/127.249.134.132:40815): Unexpected custom data from client
[07Mar2025 00:03:18.322] [Server thread/INFO] [net.minecraft.server.network.ServerLoginPacketListenerImpl/]: com.mojang.authlib.GameProfile@313c4acf[id=<null>,name=david150,properties={},legacy=false] (/127.249.134.132:40815) lost connection: Unexpected custom data from client
[07Mar2025 00:03:23.071] [Server thread/INFO] [net.minecraft.server.MinecraftServer/]: Revan_0429 was slain by Crystalian
[07Mar2025 00:03:23.083] [Server thread/INFO] [tombstone/]: The player Revan_0429 has successfully been saved
[07Mar2025 00:04:13.922] [Server thread/INFO] [net.minecraft.server.MinecraftServer/]: Revan_0429 has made the advancement [A Strange Grave Dust]
[07Mar2025 00:04:15.949] [Netty Epoll Server IO #5/ERROR] [net.minecraftforge.network.simple.IndexedMessageCodec/SIMPLENET]: Received empty payload on channel fml:handshake
[07Mar2025 00:04:16.175] [Netty Epoll Server IO #5/ERROR] [net.minecraftforge.network.simple.IndexedMessageCodec/SIMPLENET]: Received empty payload on channel fml:handshake
[07Mar2025 00:04:16.176] [Netty Epoll Server IO #5/INFO] [net.minecraft.server.network.ServerLoginPacketListenerImpl/]: Disconnecting com.mojang.authlib.GameProfile@61f37bf0[id=<null>,name=david150,properties={},legacy=false] (/127.249.134.132:35083): Unexpected custom data from client
[07Mar2025 00:04:16.222] [Server thread/INFO] [net.minecraft.server.network.ServerLoginPacketListenerImpl/]: com.mojang.authlib.GameProfile@61f37bf0[id=<null>,name=david150,properties={},legacy=false] (/127.249.134.132:35083) lost connection: Unexpected custom data from client
[07Mar2025 00:05:05.371] [Server thread/INFO] [net.minecraft.server.MinecraftServer/]: Revan_0429 was slain by Zombie
[07Mar2025 00:05:05.385] [Server thread/INFO] [tombstone/]: The player Revan_0429 has successfully been saved
[07Mar2025 00:05:41.522] [Server thread/INFO] [net.minecraft.server.MinecraftServer/]: Revan_0429 was slain by Cave Spider
[07Mar2025 00:05:41.534] [Server thread/INFO] [tombstone/]: The player Revan_0429 has successfully been saved
[07Mar2025 00:06:23.722] [Server thread/INFO] [net.minecraft.server.MinecraftServer/]: Revan_0429 was slain by Cave Spider
[07Mar2025 00:06:23.735] [Server thread/INFO] [tombstone/]: The player Revan_0429 has successfully been saved
[07Mar2025 00:08:32.594] [Server thread/INFO] [net.minecraft.server.players.PlayerList/]: lion44[/127.179.237.32:38635] logged in with entity id 34250 at (-432.6947943562055, 68.0, -626.6300180500456)
[07Mar2025 00:08:32.613] [Server thread/INFO] [net.minecraft.server.MinecraftServer/]: lion44 joined the game
[07Mar2025 00:08:32.621] [Server thread/INFO] [Jade/]: Syncing config to lion44 (6021ccee-e229-3833-a4a3-3e0cb2a7a991)
[07Mar2025 00:08:50.581] [Server thread/INFO] [net.minecraft.server.MinecraftServer/]: Revan_0429 was shot by Skeleton
[07Mar2025 00:08:50.594] [Server thread/INFO] [tombstone/]: The player Revan_0429 has successfully been saved
[07Mar2025 00:12:28.943] [Server thread/WARN] [net.minecraft.server.network.ServerGamePacketListenerImpl/]: lion44 moved too quickly! -1.8108345288692362,-10.46870567600643,-0.4419444928555549
[07Mar2025 00:13:26.679] [Server thread/INFO] [net.minecraft.server.MinecraftServer/]: lion44 was slain by Zombie
[07Mar2025 00:13:26.695] [Server thread/INFO] [tombstone/]: The player lion44 has successfully been saved
[07Mar2025 00:14:15.833] [Server thread/INFO] [net.minecraft.server.players.PlayerList/]: david150[/127.249.134.132:47355] logged in with entity id 41098 at (303.5, 73.0, -173.5)
[07Mar2025 00:14:15.848] [Server thread/INFO] [net.minecraft.server.MinecraftServer/]: david150 joined the game
[07Mar2025 00:14:15.896] [Server thread/INFO] [net.minecraft.server.MinecraftServer/]: david150 has made the advancement [Alexs Mobs Interaction]
[07Mar2025 00:14:15.899] [Server thread/INFO] [Jade/]: Syncing config to david150 (66b06873-8805-3864-9b26-f8411ece25c8)
[07Mar2025 00:14:15.999] [Server thread/INFO] [net.minecraft.server.MinecraftServer/]: david150 has made the advancement [Ice and Fire]
[07Mar2025 00:14:16.027] [Server thread/INFO] [net.minecraft.server.MinecraftServer/]: david150 has made the advancement [Rare Find]
[07Mar2025 00:14:28.058] [Server thread/INFO] [net.minecraft.server.MinecraftServer/]: Made david150 a server operator
[07Mar2025 00:14:28.058] [Server thread/WARN] [net.minecraft.server.level.ServerPlayerGameMode/]: Mismatch in destroy block pos: BlockPos{x=0, y=0, z=0} BlockPos{x=304, y=74, z=-172}
[07Mar2025 00:14:41.903] [Server thread/INFO] [net.minecraft.server.players.PlayerList/]: Jacks[/127.179.237.32:60233] logged in with entity id 41518 at (815.6136823656203, -54.0, 264.57490339936123)
[07Mar2025 00:14:41.922] [Server thread/INFO] [net.minecraft.server.MinecraftServer/]: Jacks joined the game
[07Mar2025 00:14:41.930] [Server thread/INFO] [Jade/]: Syncing config to Jacks (04b21637-b735-3578-b820-60468e5cd996)
[07Mar2025 00:14:44.752] [Server thread/INFO] [net.minecraft.server.MinecraftServer/]: lion44 was killed by Arachne using magic
[07Mar2025 00:14:44.765] [Server thread/INFO] [tombstone/]: The player lion44 has successfully been saved
[07Mar2025 00:14:59.413] [Server thread/INFO] [net.minecraft.server.MinecraftServer/]: Revan_0429 has made the advancement [Ashes 'n Bones]
[07Mar2025 00:15:11.139] [Server thread/INFO] [net.minecraft.server.MinecraftServer/]: lion44 was slain by Bone Knight
[07Mar2025 00:15:11.156] [Server thread/INFO] [tombstone/]: The player lion44 has successfully been saved
[07Mar2025 00:15:22.395] [Server thread/INFO] [net.minecraft.server.MinecraftServer/]: lion44 was fireballed by Flesh Lich
[07Mar2025 00:15:22.407] [Server thread/INFO] [tombstone/]: The player lion44 has successfully been saved
[07Mar2025 00:15:40.737] [Server thread/INFO] [net.minecraft.server.MinecraftServer/]: lion44 was slain by Arachne
[07Mar2025 00:15:40.754] [Server thread/INFO] [tombstone/]: The player lion44 has successfully been saved
[07Mar2025 00:15:51.584] [Server thread/INFO] [net.minecraft.server.MinecraftServer/]: lion44 was slain by Zombie
[07Mar2025 00:15:51.596] [Server thread/INFO] [tombstone/]: The player lion44 has successfully been saved
[07Mar2025 00:16:01.392] [Server thread/INFO] [net.minecraft.server.MinecraftServer/]: lion44 was slain by Bone Knight
[07Mar2025 00:16:01.408] [Server thread/INFO] [tombstone/]: The player lion44 has successfully been saved
[07Mar2025 00:16:12.385] [Server thread/INFO] [net.minecraft.server.MinecraftServer/]: lion44 was slain by Arachne
[07Mar2025 00:16:12.398] [Server thread/INFO] [tombstone/]: The player lion44 has successfully been saved
[07Mar2025 00:16:26.587] [Server thread/INFO] [net.minecraft.server.MinecraftServer/]: lion44 was slain by Bone Knight
[07Mar2025 00:16:26.601] [Server thread/INFO] [tombstone/]: The player lion44 has successfully been saved
[07Mar2025 00:17:41.328] [Server thread/INFO] [net.minecraft.server.MinecraftServer/]: Revan_0429 was blown up by Creeper
[07Mar2025 00:17:41.357] [Server thread/INFO] [tombstone/]: The player Revan_0429 has successfully been saved
[07Mar2025 00:19:43.443] [Server thread/INFO] [net.minecraft.server.MinecraftServer/]: Revan_0429 was shot by Skeleton
[07Mar2025 00:19:43.456] [Server thread/INFO] [tombstone/]: The player Revan_0429 has successfully been saved
[07Mar2025 00:20:27.193] [Server thread/INFO] [net.minecraft.server.MinecraftServer/]: Jacks has made the advancement [Ice Bucket Challenge]
[07Mar2025 00:21:36.939] [Server thread/INFO] [net.minecraft.server.MinecraftServer/]: Revan_0429 has made the advancement [Diamonds!]
[07Mar2025 00:23:30.829] [Server thread/INFO] [net.minecraft.server.MinecraftServer/]: david150 was slain by Raccoon
[07Mar2025 00:23:30.830] [Server thread/INFO] [net.minecraft.server.MinecraftServer/]: david150 has made the advancement [Your First Grave]
[07Mar2025 00:23:30.854] [Server thread/INFO] [tombstone/]: The player david150 has successfully been saved
[07Mar2025 00:23:38.742] [Server thread/INFO] [net.minecraft.server.MinecraftServer/]: david150 has reached the goal [Here They Come]
[07Mar2025 00:25:05.339] [Server thread/INFO] [net.minecraft.server.MinecraftServer/]: Jacks has made the advancement [Ambush]
[07Mar2025 00:25:14.748] [Server thread/INFO] [net.minecraft.server.MinecraftServer/]: Revan_0429 has made the advancement [Acquire Hardware]
[07Mar2025 00:25:25.999] [Server thread/INFO] [net.minecraft.server.MinecraftServer/]: david150 was shot by Skeleton
[07Mar2025 00:25:26.011] [Server thread/INFO] [tombstone/]: The player david150 has successfully been saved
[07Mar2025 00:25:33.153] [Server thread/INFO] [net.minecraft.server.MinecraftServer/]: Revan_0429 has made the advancement [Magic Writing]
[07Mar2025 00:25:45.665] [Server thread/INFO] [net.minecraft.server.players.PlayerList/]: DuNvrGazO[/127.143.76.234:56127] logged in with entity id 54580 at (2615.31340694629, -16.0, 408.78156732789995)
[07Mar2025 00:25:45.692] [Server thread/INFO] [net.minecraft.server.MinecraftServer/]: DuNvrGazO joined the game
[07Mar2025 00:25:45.757] [Server thread/INFO] [Jade/]: Syncing config to DuNvrGazO (86d2f289-fab6-39ca-8a42-003a2e30c9b9)
[07Mar2025 00:25:46.063] [Server thread/INFO] [net.minecraft.server.MinecraftServer/]: lion44 has made the advancement [Acquire Hardware]
[07Mar2025 00:26:55.047] [Server thread/INFO] [net.minecraft.server.MinecraftServer/]: Jacks has reached the goal [Strong or Careful]
[07Mar2025 00:26:55.047] [Server thread/INFO] [net.minecraft.server.MinecraftServer/]: Jacks tried to swim in lava to escape Flesh Lich
[07Mar2025 00:26:55.060] [Server thread/INFO] [tombstone/]: The player Jacks has successfully been saved
[07Mar2025 00:28:20.941] [Server thread/INFO] [net.minecraft.server.MinecraftServer/]: lion44 has made the advancement [Isn't It Iron Pick]
[07Mar2025 00:29:01.883] [Server thread/INFO] [net.minecraft.server.MinecraftServer/]: david150 was slain by Oni
[07Mar2025 00:29:01.904] [Server thread/INFO] [tombstone/]: The player david150 has successfully been saved
[07Mar2025 00:29:51.908] [Server thread/INFO] [net.minecraft.server.MinecraftServer/]: lion44 was shot by Skeleton
[07Mar2025 00:29:51.951] [Server thread/INFO] [tombstone/]: The player lion44 has successfully been saved
[07Mar2025 00:30:03.451] [Server thread/INFO] [net.minecraft.server.MinecraftServer/]: Revan_0429 withered away whilst fighting Skeleton
[07Mar2025 00:30:03.462] [Server thread/INFO] [tombstone/]: The player Revan_0429 has successfully been saved
[07Mar2025 00:30:16.450] [Server thread/INFO] [net.minecraft.server.MinecraftServer/]: [Jacks: Teleported Jacks to DuNvrGazO]
[07Mar2025 00:30:47.915] [Server thread/INFO] [net.minecraft.server.MinecraftServer/]: lion44 has made the advancement [Ashes 'n Bones]
[07Mar2025 00:31:47.347] [Server thread/INFO] [net.minecraft.server.MinecraftServer/]: Revan_0429 was shot by Skeleton
[07Mar2025 00:31:47.359] [Server thread/INFO] [tombstone/]: The player Revan_0429 has successfully been saved
[07Mar2025 00:34:13.444] [Server thread/INFO] [net.minecraft.server.MinecraftServer/]: david150 has made the advancement [Stone Age]
[07Mar2025 00:34:19.099] [Server thread/WARN] [net.minecraft.server.network.ServerGamePacketListenerImpl/]: DuNvrGazO moved wrongly!
[07Mar2025 00:34:39.847] [Server thread/INFO] [net.minecraft.server.MinecraftServer/]: [Jacks: Teleported Jacks to DuNvrGazO]
[07Mar2025 00:34:40.848] [Server thread/INFO] [net.minecraft.server.MinecraftServer/]: Jacks was killed by magic
[07Mar2025 00:34:40.860] [Server thread/INFO] [tombstone/]: The player Jacks has successfully been saved
[07Mar2025 00:34:44.095] [Server thread/INFO] [net.minecraft.server.MinecraftServer/]: [Jacks: Teleported Jacks to DuNvrGazO]
[07Mar2025 00:34:58.535] [Server thread/INFO] [net.minecraft.server.MinecraftServer/]: david150 was slain by Zombie
[07Mar2025 00:34:58.561] [Server thread/INFO] [tombstone/]: The player david150 has successfully been saved
[07Mar2025 00:35:17.141] [Server thread/INFO] [net.minecraft.server.MinecraftServer/]: Jacks was killed by magic
[07Mar2025 00:35:17.152] [Server thread/INFO] [tombstone/]: The player Jacks has successfully been saved
[07Mar2025 00:35:19.847] [Server thread/INFO] [net.minecraft.server.MinecraftServer/]: [Jacks: Teleported Jacks to DuNvrGazO]
[07Mar2025 00:35:34.194] [Server thread/INFO] [net.minecraft.server.MinecraftServer/]: Jacks was killed by magic
[07Mar2025 00:35:34.206] [Server thread/INFO] [tombstone/]: The player Jacks has successfully been saved
[07Mar2025 00:35:34.442] [Server thread/INFO] [net.minecraft.server.MinecraftServer/]: Revan_0429 was killed by magic
[07Mar2025 00:35:34.453] [Server thread/INFO] [tombstone/]: The player Revan_0429 has successfully been saved
[07Mar2025 00:35:37.044] [Server thread/INFO] [net.minecraft.server.MinecraftServer/]: [Jacks: Teleported Jacks to DuNvrGazO]
[07Mar2025 00:35:50.596] [Server thread/INFO] [net.minecraft.server.MinecraftServer/]: Jacks was killed by magic
[07Mar2025 00:35:50.607] [Server thread/INFO] [tombstone/]: The player Jacks has successfully been saved
[07Mar2025 00:35:53.149] [Server thread/INFO] [net.minecraft.server.MinecraftServer/]: [Jacks: Teleported Jacks to DuNvrGazO]
[07Mar2025 00:37:24.896] [Server thread/INFO] [net.minecraft.server.MinecraftServer/]: Revan_0429 was killed by magic
[07Mar2025 00:37:24.906] [Server thread/INFO] [tombstone/]: The player Revan_0429 has successfully been saved
[07Mar2025 00:38:27.105] [Server thread/INFO] [net.minecraft.server.MinecraftServer/]: david150 has made the advancement [Getting an Upgrade]
[07Mar2025 00:38:30.702] [Server thread/INFO] [net.minecraft.server.MinecraftServer/]: lion44 has made the advancement [A Strange Grave Dust]
[07Mar2025 00:38:38.140] [Server thread/INFO] [net.minecraft.server.MinecraftServer/]: lion44 was slain by Glow Skeleton
[07Mar2025 00:38:38.155] [Server thread/INFO] [tombstone/]: The player lion44 has successfully been saved
[07Mar2025 00:38:56.595] [Server thread/INFO] [armorplus/]: Charge at: 24
[07Mar2025 00:41:06.748] [Server thread/INFO] [net.minecraft.server.MinecraftServer/]: lion44 has made the advancement [Alex's Caves]
[07Mar2025 00:42:08.049] [Server thread/INFO] [net.minecraft.server.MinecraftServer/]: lion44 has made the advancement [Knowledge raises the soul]
[07Mar2025 00:43:38.691] [Server thread/ERROR] [net.minecraft.Util/]: Invalid entity rotation: NaN, discarding.
[07Mar2025 00:50:47.356] [Server thread/INFO] [net.minecraft.server.MinecraftServer/]: david150 has made the advancement [Acquire Hardware]
[07Mar2025 00:50:58.648] [Server thread/INFO] [net.minecraft.server.MinecraftServer/]: david150 has made the advancement [Isn't It Iron Pick]
[07Mar2025 00:51:40.789] [Server thread/INFO] [net.minecraft.server.MinecraftServer/]: DuNvrGazO has made the advancement [Ice Bucket Challenge]
[07Mar2025 00:51:49.890] [Server thread/INFO] [net.minecraft.server.MinecraftServer/]: [Jacks: Teleported Jacks to DuNvrGazO]
[07Mar2025 00:52:04.536] [Server thread/INFO] [net.minecraft.server.network.ServerGamePacketListenerImpl/]: david150 lost connection: Disconnected
[07Mar2025 00:52:04.536] [Server thread/INFO] [net.minecraft.server.MinecraftServer/]: david150 left the game
[07Mar2025 00:53:20.581] [Server thread/INFO] [net.minecraft.server.MinecraftServer/]: lion44 was slain by Zombie
[07Mar2025 00:53:20.596] [Server thread/INFO] [tombstone/]: The player lion44 has successfully been saved
[07Mar2025 00:54:11.424] [Server thread/INFO] [net.minecraft.server.MinecraftServer/]: Jacks was slain by Lightning Dragon
[07Mar2025 00:54:11.444] [Server thread/INFO] [tombstone/]: The player Jacks has successfully been saved
[07Mar2025 00:54:37.924] [Server thread/INFO] [net.minecraft.server.MinecraftServer/]: DuNvrGazO has reached the goal [Strong or Careful]
[07Mar2025 00:54:37.924] [Server thread/INFO] [net.minecraft.server.MinecraftServer/]: DuNvrGazO was struck with lightning by Lightning Dragon
[07Mar2025 00:54:37.945] [Server thread/INFO] [tombstone/]: The player DuNvrGazO has successfully been saved
[07Mar2025 00:54:43.599] [Server thread/INFO] [net.minecraft.server.MinecraftServer/]: Revan_0429 was slain by Lightning Dragon
[07Mar2025 00:54:43.621] [Server thread/INFO] [tombstone/]: The player Revan_0429 has successfully been saved
[07Mar2025 00:55:02.575] [Server thread/INFO] [net.minecraft.server.MinecraftServer/]: Jacks was slain by Lightning Dragon
[07Mar2025 00:55:02.595] [Server thread/INFO] [tombstone/]: The player Jacks has successfully been saved
[07Mar2025 00:55:26.473] [Server thread/INFO] [net.minecraft.server.MinecraftServer/]: DuNvrGazO was slain by Lightning Dragon
[07Mar2025 00:55:26.494] [Server thread/INFO] [tombstone/]: The player DuNvrGazO has successfully been saved
[07Mar2025 00:55:32.174] [Server thread/INFO] [net.minecraft.server.MinecraftServer/]: Jacks was energized by Lightning Dragon
[07Mar2025 00:55:32.194] [Server thread/INFO] [tombstone/]: The player Jacks has successfully been saved
[07Mar2025 00:55:51.825] [Server thread/INFO] [net.minecraft.server.MinecraftServer/]: Revan_0429 was slain by Lightning Dragon
[07Mar2025 00:55:51.844] [Server thread/INFO] [tombstone/]: The player Revan_0429 has successfully been saved
[07Mar2025 00:56:15.835] [Server thread/INFO] [net.minecraft.server.MinecraftServer/]: Jacks has made the advancement [Dragonslayer]
[07Mar2025 00:59:11.261] [Server thread/INFO] [net.minecraft.server.MinecraftServer/]: [Jacks: Teleported Jacks to DuNvrGazO]
[07Mar2025 00:59:50.828] [Server thread/INFO] [net.minecraft.server.MinecraftServer/]: Jacks was slain by Deepling Brute
[07Mar2025 00:59:50.845] [Server thread/INFO] [tombstone/]: The player Jacks has successfully been saved
[07Mar2025 01:00:05.376] [Server thread/INFO] [net.minecraft.server.MinecraftServer/]: DuNvrGazO was slain by Deepling Brute
[07Mar2025 01:00:05.397] [Server thread/INFO] [tombstone/]: The player DuNvrGazO has successfully been saved
[07Mar2025 01:00:21.277] [Server thread/INFO] [net.minecraft.server.MinecraftServer/]: Jacks was slain by Deepling Brute
[07Mar2025 01:00:21.298] [Server thread/INFO] [tombstone/]: The player Jacks has successfully been saved
[07Mar2025 01:00:40.656] [Server thread/WARN] [net.minecraft.server.level.ServerPlayerGameMode/]: Mismatch in destroy block pos: BlockPos{x=2763, y=54, z=179} BlockPos{x=2763, y=53, z=179}
[07Mar2025 01:00:47.236] [Server thread/INFO] [net.minecraft.server.MinecraftServer/]: DuNvrGazO drowned whilst trying to escape Deepling Brute
[07Mar2025 01:00:47.247] [Server thread/INFO] [tombstone/]: The player DuNvrGazO has successfully been saved
[07Mar2025 01:00:53.884] [Server thread/INFO] [net.minecraft.server.MinecraftServer/]: Jacks drowned
[07Mar2025 01:00:53.896] [Server thread/INFO] [tombstone/]: The player Jacks has successfully been saved
[07Mar2025 01:02:16.940] [Server thread/INFO] [net.minecraft.server.MinecraftServer/]: Revan_0429 was killed by Cecaelia using magic
[07Mar2025 01:02:16.951] [Server thread/INFO] [tombstone/]: The player Revan_0429 has successfully been saved
[07Mar2025 01:02:46.046] [Server thread/ERROR] [net.minecraftforge.fml.loading.RuntimeDistCleaner/DISTXFORM]: Attempted to load class net/minecraft/client/Minecraft for invalid dist DEDICATED_SERVER
[07Mar2025 01:02:49.205] [Server thread/ERROR] [net.minecraftforge.fml.loading.RuntimeDistCleaner/DISTXFORM]: Attempted to load class net/minecraft/client/Minecraft for invalid dist DEDICATED_SERVER
[07Mar2025 01:02:49.773] [Server thread/ERROR] [net.minecraftforge.fml.loading.RuntimeDistCleaner/DISTXFORM]: Attempted to load class net/minecraft/client/Minecraft for invalid dist DEDICATED_SERVER
[07Mar2025 01:02:49.952] [Server thread/ERROR] [net.minecraftforge.fml.loading.RuntimeDistCleaner/DISTXFORM]: Attempted to load class net/minecraft/client/Minecraft for invalid dist DEDICATED_SERVER
[07Mar2025 01:02:53.309] [Server thread/ERROR] [net.minecraftforge.fml.loading.RuntimeDistCleaner/DISTXFORM]: Attempted to load class net/minecraft/client/Minecraft for invalid dist DEDICATED_SERVER
[07Mar2025 01:02:55.212] [Server thread/ERROR] [net.minecraftforge.fml.loading.RuntimeDistCleaner/DISTXFORM]: Attempted to load class net/minecraft/client/Minecraft for invalid dist DEDICATED_SERVER
[07Mar2025 01:02:55.400] [Server thread/ERROR] [net.minecraftforge.fml.loading.RuntimeDistCleaner/DISTXFORM]: Attempted to load class net/minecraft/client/Minecraft for invalid dist DEDICATED_SERVER
[07Mar2025 01:02:55.597] [Server thread/ERROR] [net.minecraftforge.fml.loading.RuntimeDistCleaner/DISTXFORM]: Attempted to load class net/minecraft/client/Minecraft for invalid dist DEDICATED_SERVER
[07Mar2025 01:03:01.212] [Server thread/ERROR] [net.minecraftforge.fml.loading.RuntimeDistCleaner/DISTXFORM]: Attempted to load class net/minecraft/client/Minecraft for invalid dist DEDICATED_SERVER
[07Mar2025 01:03:07.758] [Server thread/ERROR] [net.minecraftforge.fml.loading.RuntimeDistCleaner/DISTXFORM]: Attempted to load class net/minecraft/client/Minecraft for invalid dist DEDICATED_SERVER
[07Mar2025 01:03:23.615] [Server thread/ERROR] [net.minecraftforge.fml.loading.RuntimeDistCleaner/DISTXFORM]: Attempted to load class net/minecraft/client/Minecraft for invalid dist DEDICATED_SERVER
[07Mar2025 01:03:23.797] [Server thread/ERROR] [net.minecraftforge.fml.loading.RuntimeDistCleaner/DISTXFORM]: Attempted to load class net/minecraft/client/Minecraft for invalid dist DEDICATED_SERVER
[07Mar2025 01:03:23.953] [Server thread/ERROR] [net.minecraftforge.fml.loading.RuntimeDistCleaner/DISTXFORM]: Attempted to load class net/minecraft/client/Minecraft for invalid dist DEDICATED_SERVER
[07Mar2025 01:03:24.143] [Server thread/ERROR] [net.minecraftforge.fml.loading.RuntimeDistCleaner/DISTXFORM]: Attempted to load class net/minecraft/client/Minecraft for invalid dist DEDICATED_SERVER
[07Mar2025 01:03:37.443] [Server thread/ERROR] [net.minecraftforge.fml.loading.RuntimeDistCleaner/DISTXFORM]: Attempted to load class net/minecraft/client/Minecraft for invalid dist DEDICATED_SERVER
[07Mar2025 01:04:23.296] [Server thread/INFO] [net.minecraft.server.MinecraftServer/]: [Jacks: Teleported Jacks to DuNvrGazO]
[07Mar2025 01:05:30.438] [Server thread/INFO] [net.minecraft.server.MinecraftServer/]: DuNvrGazO has made the advancement [Alex's Caves]
[07Mar2025 01:05:38.437] [Server thread/INFO] [net.minecraft.server.MinecraftServer/]: DuNvrGazO has made the advancement [Once Upon a Cave]
[07Mar2025 01:05:47.333] [Server thread/INFO] [net.minecraft.server.MinecraftServer/]: DuNvrGazO has made the advancement [It Belongs in a Museum]
[07Mar2025 01:06:04.693] [Server thread/ERROR] [net.minecraftforge.fml.loading.RuntimeDistCleaner/DISTXFORM]: Attempted to load class net/minecraft/client/Minecraft for invalid dist DEDICATED_SERVER
[07Mar2025 01:06:05.596] [Server thread/ERROR] [net.minecraftforge.fml.loading.RuntimeDistCleaner/DISTXFORM]: Attempted to load class net/minecraft/client/Minecraft for invalid dist DEDICATED_SERVER
[07Mar2025 01:06:05.788] [Server thread/ERROR] [net.minecraftforge.fml.loading.RuntimeDistCleaner/DISTXFORM]: Attempted to load class net/minecraft/client/Minecraft for invalid dist DEDICATED_SERVER
[07Mar2025 01:06:05.949] [Server thread/ERROR] [net.minecraftforge.fml.loading.RuntimeDistCleaner/DISTXFORM]: Attempted to load class net/minecraft/client/Minecraft for invalid dist DEDICATED_SERVER
[07Mar2025 01:06:06.114] [Server thread/ERROR] [net.minecraftforge.fml.loading.RuntimeDistCleaner/DISTXFORM]: Attempted to load class net/minecraft/client/Minecraft for invalid dist DEDICATED_SERVER
[07Mar2025 01:06:06.290] [Server thread/ERROR] [net.minecraftforge.fml.loading.RuntimeDistCleaner/DISTXFORM]: Attempted to load class net/minecraft/client/Minecraft for invalid dist DEDICATED_SERVER
[07Mar2025 01:06:06.441] [Server thread/ERROR] [net.minecraftforge.fml.loading.RuntimeDistCleaner/DISTXFORM]: Attempted to load class net/minecraft/client/Minecraft for invalid dist DEDICATED_SERVER
[07Mar2025 01:06:06.592] [Server thread/ERROR] [net.minecraftforge.fml.loading.RuntimeDistCleaner/DISTXFORM]: Attempted to load class net/minecraft/client/Minecraft for invalid dist DEDICATED_SERVER
[07Mar2025 01:06:06.787] [Server thread/ERROR] [net.minecraftforge.fml.loading.RuntimeDistCleaner/DISTXFORM]: Attempted to load class net/minecraft/client/Minecraft for invalid dist DEDICATED_SERVER
[07Mar2025 01:06:06.911] [Server thread/ERROR] [net.minecraftforge.fml.loading.RuntimeDistCleaner/DISTXFORM]: Attempted to load class net/minecraft/client/Minecraft for invalid dist DEDICATED_SERVER
[07Mar2025 01:06:07.094] [Server thread/ERROR] [net.minecraftforge.fml.loading.RuntimeDistCleaner/DISTXFORM]: Attempted to load class net/minecraft/client/Minecraft for invalid dist DEDICATED_SERVER
[07Mar2025 01:06:07.246] [Server thread/ERROR] [net.minecraftforge.fml.loading.RuntimeDistCleaner/DISTXFORM]: Attempted to load class net/minecraft/client/Minecraft for invalid dist DEDICATED_SERVER
[07Mar2025 01:06:07.408] [Server thread/ERROR] [net.minecraftforge.fml.loading.RuntimeDistCleaner/DISTXFORM]: Attempted to load class net/minecraft/client/Minecraft for invalid dist DEDICATED_SERVER
[07Mar2025 01:06:07.564] [Server thread/ERROR] [net.minecraftforge.fml.loading.RuntimeDistCleaner/DISTXFORM]: Attempted to load class net/minecraft/client/Minecraft for invalid dist DEDICATED_SERVER
[07Mar2025 01:06:07.742] [Server thread/ERROR] [net.minecraftforge.fml.loading.RuntimeDistCleaner/DISTXFORM]: Attempted to load class net/minecraft/client/Minecraft for invalid dist DEDICATED_SERVER
[07Mar2025 01:06:07.900] [Server thread/ERROR] [net.minecraftforge.fml.loading.RuntimeDistCleaner/DISTXFORM]: Attempted to load class net/minecraft/client/Minecraft for invalid dist DEDICATED_SERVER
[07Mar2025 01:06:08.093] [Server thread/ERROR] [net.minecraftforge.fml.loading.RuntimeDistCleaner/DISTXFORM]: Attempted to load class net/minecraft/client/Minecraft for invalid dist DEDICATED_SERVER
[07Mar2025 01:06:08.242] [Server thread/ERROR] [net.minecraftforge.fml.loading.RuntimeDistCleaner/DISTXFORM]: Attempted to load class net/minecraft/client/Minecraft for invalid dist DEDICATED_SERVER
[07Mar2025 01:06:08.395] [Server thread/ERROR] [net.minecraftforge.fml.loading.RuntimeDistCleaner/DISTXFORM]: Attempted to load class net/minecraft/client/Minecraft for invalid dist DEDICATED_SERVER
[07Mar2025 01:06:08.591] [Server thread/ERROR] [net.minecraftforge.fml.loading.RuntimeDistCleaner/DISTXFORM]: Attempted to load class net/minecraft/client/Minecraft for invalid dist DEDICATED_SERVER
[07Mar2025 01:06:08.813] [Server thread/ERROR] [net.minecraftforge.fml.loading.RuntimeDistCleaner/DISTXFORM]: Attempted to load class net/minecraft/client/Minecraft for invalid dist DEDICATED_SERVER
[07Mar2025 01:06:09.039] [Server thread/ERROR] [net.minecraftforge.fml.loading.RuntimeDistCleaner/DISTXFORM]: Attempted to load class net/minecraft/client/Minecraft for invalid dist DEDICATED_SERVER
[07Mar2025 01:06:09.241] [Server thread/ERROR] [net.minecraftforge.fml.loading.RuntimeDistCleaner/DISTXFORM]: Attempted to load class net/minecraft/client/Minecraft for invalid dist DEDICATED_SERVER
[07Mar2025 01:06:09.412] [Server thread/ERROR] [net.minecraftforge.fml.loading.RuntimeDistCleaner/DISTXFORM]: Attempted to load class net/minecraft/client/Minecraft for invalid dist DEDICATED_SERVER
[07Mar2025 01:06:09.597] [Server thread/ERROR] [net.minecraftforge.fml.loading.RuntimeDistCleaner/DISTXFORM]: Attempted to load class net/minecraft/client/Minecraft for invalid dist DEDICATED_SERVER
[07Mar2025 01:06:09.795] [Server thread/ERROR] [net.minecraftforge.fml.loading.RuntimeDistCleaner/DISTXFORM]: Attempted to load class net/minecraft/client/Minecraft for invalid dist DEDICATED_SERVER
[07Mar2025 01:06:09.962] [Server thread/ERROR] [net.minecraftforge.fml.loading.RuntimeDistCleaner/DISTXFORM]: Attempted to load class net/minecraft/client/Minecraft for invalid dist DEDICATED_SERVER
[07Mar2025 01:06:10.189] [Server thread/ERROR] [net.minecraftforge.fml.loading.RuntimeDistCleaner/DISTXFORM]: Attempted to load class net/minecraft/client/Minecraft for invalid dist DEDICATED_SERVER
[07Mar2025 01:06:10.388] [Server thread/ERROR] [net.minecraftforge.fml.loading.RuntimeDistCleaner/DISTXFORM]: Attempted to load class net/minecraft/client/Minecraft for invalid dist DEDICATED_SERVER
[07Mar2025 01:06:10.638] [Server thread/ERROR] [net.minecraftforge.fml.loading.RuntimeDistCleaner/DISTXFORM]: Attempted to load class net/minecraft/client/Minecraft for invalid dist DEDICATED_SERVER
[07Mar2025 01:06:10.837] [Server thread/ERROR] [net.minecraftforge.fml.loading.RuntimeDistCleaner/DISTXFORM]: Attempted to load class net/minecraft/client/Minecraft for invalid dist DEDICATED_SERVER
[07Mar2025 01:06:11.093] [Server thread/ERROR] [net.minecraftforge.fml.loading.RuntimeDistCleaner/DISTXFORM]: Attempted to load class net/minecraft/client/Minecraft for invalid dist DEDICATED_SERVER
[07Mar2025 01:08:25.487] [Server thread/INFO] [net.minecraft.server.MinecraftServer/]: Jacks has reached the goal [Bone Crusher]
[07Mar2025 01:08:49.761] [Server thread/INFO] [net.minecraft.server.MinecraftServer/]: lion44 has made the advancement [Who You Gonna Call?]
[07Mar2025 01:09:31.036] [Server thread/INFO] [net.minecraft.server.network.ServerGamePacketListenerImpl/]: Revan_0429 lost connection: Disconnected
[07Mar2025 01:09:31.036] [Server thread/INFO] [net.minecraft.server.MinecraftServer/]: Revan_0429 left the game
[07Mar2025 01:10:17.241] [Server thread/INFO] [armorplus/]: Charge at: 68
[07Mar2025 01:11:12.191] [Server thread/INFO] [armorplus/]: Charge at: 15
[07Mar2025 01:11:13.311] [Server thread/INFO] [armorplus/]: Charge at: 17
[07Mar2025 01:11:14.402] [Server thread/INFO] [armorplus/]: Charge at: 17
[07Mar2025 01:11:51.490] [Server thread/INFO] [net.minecraft.server.MinecraftServer/]: lion44 was slain by Oni
[07Mar2025 01:11:51.517] [Server thread/INFO] [tombstone/]: The player lion44 has successfully been saved
[07Mar2025 01:14:31.289] [Server thread/INFO] [net.minecraft.server.MinecraftServer/]: [Jacks: Teleported Jacks to DuNvrGazO]
[07Mar2025 01:15:39.008] [Server thread/INFO] [net.minecraft.server.MinecraftServer/]: [Jacks: Teleported Jacks to DuNvrGazO]
[07Mar2025 01:21:57.435] [Server thread/INFO] [net.minecraft.server.MinecraftServer/]: lion44 was fireballed by Nine Tails
[07Mar2025 01:21:57.453] [Server thread/INFO] [tombstone/]: The player lion44 has successfully been saved
[07Mar2025 01:24:15.588] [Server thread/INFO] [armorplus/]: Charge at: 22
[07Mar2025 01:24:34.906] [Server thread/INFO] [net.minecraft.server.MinecraftServer/]: [Jacks: Teleported Jacks to DuNvrGazO]
[07Mar2025 01:24:54.387] [Server thread/INFO] [net.minecraft.server.MinecraftServer/]: [Jacks: Teleported Jacks to lion44]
[07Mar2025 01:25:06.140] [Server thread/INFO] [net.minecraft.server.MinecraftServer/]: Jacks has made the advancement [Tie me to the Mast]
[07Mar2025 01:26:02.827] [Server thread/INFO] [net.minecraft.server.MinecraftServer/]: Jacks has completed the challenge [Free Willy]
[07Mar2025 01:26:12.928] [Server thread/INFO] [net.minecraft.server.MinecraftServer/]: Jacks drowned
[07Mar2025 01:26:12.944] [Server thread/INFO] [tombstone/]: The player Jacks has successfully been saved
[07Mar2025 01:26:27.179] [Server thread/INFO] [net.minecraft.server.MinecraftServer/]: lion44 drowned whilst trying to escape Cecaelia
[07Mar2025 01:26:27.206] [Server thread/INFO] [tombstone/]: The player lion44 has successfully been saved
[07Mar2025 01:27:37.348] [Server thread/INFO] [net.minecraft.server.MinecraftServer/]: [Jacks: Teleported Jacks to DuNvrGazO]
[07Mar2025 01:27:55.429] [Server thread/ERROR] [net.minecraft.Util/]: Invalid entity rotation: NaN, discarding.
[07Mar2025 01:27:58.832] [Server thread/INFO] [net.minecraft.server.MinecraftServer/]: lion44 was killed by Cecaelia using magic
[07Mar2025 01:27:58.851] [Server thread/INFO] [tombstone/]: The player lion44 has successfully been saved
[07Mar2025 01:28:52.578] [Server thread/INFO] [net.minecraft.server.network.ServerGamePacketListenerImpl/]: lion44 lost connection: Disconnected
[07Mar2025 01:28:52.578] [Server thread/INFO] [net.minecraft.server.MinecraftServer/]: lion44 left the game
[07Mar2025 01:32:42.326] [Server thread/INFO] [net.minecraft.server.MinecraftServer/]: [Jacks: Teleported Jacks to DuNvrGazO]
[07Mar2025 01:32:54.158] [Server thread/ERROR] [net.minecraftforge.fml.loading.RuntimeDistCleaner/DISTXFORM]: Attempted to load class net/minecraft/client/Minecraft for invalid dist DEDICATED_SERVER
[07Mar2025 01:32:55.114] [Server thread/ERROR] [net.minecraftforge.fml.loading.RuntimeDistCleaner/DISTXFORM]: Attempted to load class net/minecraft/client/Minecraft for invalid dist DEDICATED_SERVER
[07Mar2025 01:32:55.931] [Server thread/ERROR] [net.minecraftforge.fml.loading.RuntimeDistCleaner/DISTXFORM]: Attempted to load class net/minecraft/client/Minecraft for invalid dist DEDICATED_SERVER
[07Mar2025 01:32:56.711] [Server thread/ERROR] [net.minecraftforge.fml.loading.RuntimeDistCleaner/DISTXFORM]: Attempted to load class net/minecraft/client/Minecraft for invalid dist DEDICATED_SERVER
[07Mar2025 01:32:59.497] [Server thread/ERROR] [net.minecraftforge.fml.loading.RuntimeDistCleaner/DISTXFORM]: Attempted to load class net/minecraft/client/Minecraft for invalid dist DEDICATED_SERVER
[07Mar2025 01:32:59.826] [Server thread/ERROR] [net.minecraftforge.fml.loading.RuntimeDistCleaner/DISTXFORM]: Attempted to load class net/minecraft/client/Minecraft for invalid dist DEDICATED_SERVER
[07Mar2025 01:33:00.053] [Server thread/ERROR] [net.minecraftforge.fml.loading.RuntimeDistCleaner/DISTXFORM]: Attempted to load class net/minecraft/client/Minecraft for invalid dist DEDICATED_SERVER
[07Mar2025 01:33:00.277] [Server thread/ERROR] [net.minecraftforge.fml.loading.RuntimeDistCleaner/DISTXFORM]: Attempted to load class net/minecraft/client/Minecraft for invalid dist DEDICATED_SERVER
[07Mar2025 01:34:32.049] [Server thread/ERROR] [net.minecraftforge.fml.loading.RuntimeDistCleaner/DISTXFORM]: Attempted to load class net/minecraft/client/Minecraft for invalid dist DEDICATED_SERVER
[07Mar2025 01:34:32.210] [Server thread/ERROR] [net.minecraftforge.fml.loading.RuntimeDistCleaner/DISTXFORM]: Attempted to load class net/minecraft/client/Minecraft for invalid dist DEDICATED_SERVER
[07Mar2025 01:34:32.365] [Server thread/ERROR] [net.minecraftforge.fml.loading.RuntimeDistCleaner/DISTXFORM]: Attempted to load class net/minecraft/client/Minecraft for invalid dist DEDICATED_SERVER
[07Mar2025 01:34:32.527] [Server thread/ERROR] [net.minecraftforge.fml.loading.RuntimeDistCleaner/DISTXFORM]: Attempted to load class net/minecraft/client/Minecraft for invalid dist DEDICATED_SERVER
[07Mar2025 01:34:32.676] [Server thread/ERROR] [net.minecraftforge.fml.loading.RuntimeDistCleaner/DISTXFORM]: Attempted to load class net/minecraft/client/Minecraft for invalid dist DEDICATED_SERVER
[07Mar2025 01:35:54.598] [Server thread/INFO] [net.minecraft.server.players.PlayerList/]: lion44[/127.179.237.32:53545] logged in with entity id 116078 at (159.6273636198138, 69.0, -915.6453012678846)
[07Mar2025 01:35:54.616] [Server thread/INFO] [net.minecraft.server.MinecraftServer/]: lion44 joined the game
[07Mar2025 01:35:54.628] [Server thread/INFO] [Jade/]: Syncing config to lion44 (6021ccee-e229-3833-a4a3-3e0cb2a7a991)
[07Mar2025 01:36:01.250] [Server thread/INFO] [net.minecraft.server.network.ServerGamePacketListenerImpl/]: lion44 lost connection: Disconnected
[07Mar2025 01:36:01.250] [Server thread/INFO] [net.minecraft.server.MinecraftServer/]: lion44 left the game
[07Mar2025 01:36:01.585] [Server thread/INFO] [net.minecraft.server.MinecraftServer/]: [Jacks: Teleported Jacks to DuNvrGazO]
[07Mar2025 01:36:12.646] [Server thread/INFO] [net.minecraft.server.players.PlayerList/]: lion44[/127.179.237.32:47113] logged in with entity id 116510 at (159.6900843791098, 69.0, -916.2167746732111)
[07Mar2025 01:36:12.664] [Server thread/INFO] [net.minecraft.server.MinecraftServer/]: lion44 joined the game
[07Mar2025 01:36:12.674] [Server thread/INFO] [Jade/]: Syncing config to lion44 (6021ccee-e229-3833-a4a3-3e0cb2a7a991)
[07Mar2025 01:37:44.526] [Server thread/INFO] [net.minecraft.server.MinecraftServer/]: DuNvrGazO was slain by Fire Dragon
[07Mar2025 01:37:44.545] [Server thread/INFO] [tombstone/]: The player DuNvrGazO has successfully been saved
[07Mar2025 01:38:18.624] [Server thread/INFO] [net.minecraft.server.MinecraftServer/]: Jacks has completed the challenge [Great View From Up Here]
[07Mar2025 01:38:27.137] [Server thread/INFO] [net.minecraft.server.MinecraftServer/]: Jacks burned to death
[07Mar2025 01:38:27.154] [Server thread/INFO] [tombstone/]: The player Jacks has successfully been saved
[07Mar2025 01:38:27.162] [Server thread/INFO] [net.minecraft.server.MinecraftServer/]: [Jacks: Teleported Jacks to DuNvrGazO]
[07Mar2025 01:38:30.406] [Server thread/INFO] [net.minecraft.server.MinecraftServer/]: [Jacks: Teleported Jacks to DuNvrGazO]
[07Mar2025 01:39:44.525] [Server thread/INFO] [net.minecraft.server.MinecraftServer/]: DuNvrGazO was incinerated by Fire Dragon
[07Mar2025 01:39:44.545] [Server thread/INFO] [tombstone/]: The player DuNvrGazO has successfully been saved
[07Mar2025 01:40:16.723] [Server thread/INFO] [net.minecraft.server.MinecraftServer/]: DuNvrGazO was slain by Fire Dragon
[07Mar2025 01:40:16.744] [Server thread/INFO] [tombstone/]: The player DuNvrGazO has successfully been saved
[07Mar2025 01:40:23.775] [Server thread/INFO] [net.minecraft.server.MinecraftServer/]: Jacks was slain by Fire Dragon
[07Mar2025 01:40:23.793] [Server thread/INFO] [tombstone/]: The player Jacks has successfully been saved
[07Mar2025 01:40:39.076] [Server thread/INFO] [net.minecraft.server.MinecraftServer/]: DuNvrGazO was slain by Fire Dragon
[07Mar2025 01:40:39.095] [Server thread/INFO] [tombstone/]: The player DuNvrGazO has successfully been saved
[07Mar2025 01:42:13.196] [Server thread/INFO] [net.minecraft.server.MinecraftServer/]: lion44 has made the advancement [A Seedy Place]
[07Mar2025 01:42:59.337] [Server thread/WARN] [net.minecraft.server.level.ServerPlayerGameMode/]: Mismatch in destroy block pos: BlockPos{x=1385, y=112, z=-391} BlockPos{x=1386, y=111, z=-391}
[07Mar2025 01:43:33.244] [Server thread/INFO] [net.minecraft.server.MinecraftServer/]: Jacks fell from a high place
[07Mar2025 01:43:33.255] [Server thread/INFO] [tombstone/]: The player Jacks has successfully been saved
[07Mar2025 01:46:35.684] [Server thread/INFO] [net.minecraft.server.MinecraftServer/]: Jacks was turned to stone by Gorgon
[07Mar2025 01:46:35.711] [Server thread/INFO] [tombstone/]: The player Jacks has successfully been saved
[07Mar2025 01:47:00.644] [Server thread/INFO] [net.minecraft.server.MinecraftServer/]: Jacks was shot by Overgrown Skeleton
[07Mar2025 01:47:00.655] [Server thread/INFO] [tombstone/]: The player Jacks has successfully been saved
[07Mar2025 01:48:22.757] [Server thread/INFO] [net.minecraft.server.MinecraftServer/]: lion44 has reached the goal [Bone Crusher]
[07Mar2025 01:49:16.585] [Server thread/INFO] [net.minecraft.server.MinecraftServer/]: Jacks was slain by Gorgon
[07Mar2025 01:49:16.617] [Server thread/INFO] [tombstone/]: The player Jacks has successfully been saved
[07Mar2025 01:49:35.277] [Server thread/INFO] [net.minecraft.server.MinecraftServer/]: DuNvrGazO was slain by Zombie
[07Mar2025 01:49:35.297] [Server thread/INFO] [tombstone/]: The player DuNvrGazO has successfully been saved
[07Mar2025 01:50:37.476] [Server thread/INFO] [net.minecraft.server.MinecraftServer/]: Jacks was slain by Gorgon
[07Mar2025 01:50:37.500] [Server thread/INFO] [tombstone/]: The player Jacks has successfully been saved
[07Mar2025 01:50:49.536] [Server thread/INFO] [net.minecraft.server.MinecraftServer/]: Jacks was turned into gorgonzola by Gorgon
[07Mar2025 01:50:49.550] [Server thread/INFO] [tombstone/]: The player Jacks has successfully been saved
[07Mar2025 01:51:07.937] [Server thread/INFO] [net.minecraft.server.MinecraftServer/]: Jacks has made the advancement [Clash of the Titans]
[07Mar2025 01:51:26.462] [Server thread/INFO] [net.minecraft.server.MinecraftServer/]: [Jacks: Teleported Jacks to DuNvrGazO]
[07Mar2025 01:52:42.833] [Server thread/INFO] [net.minecraft.server.MinecraftServer/]: DuNvrGazO has made the advancement [Voluntary Exile]
[07Mar2025 01:53:44.562] [Server thread/INFO] [net.minecraft.server.MinecraftServer/]: [Jacks: Teleported Jacks to lion44]
[07Mar2025 01:53:46.134] [Server thread/INFO] [net.minecraft.server.MinecraftServer/]: [Jacks: Teleported Jacks to DuNvrGazO]
[07Mar2025 01:54:14.400] [Server thread/INFO] [net.minecraft.server.MinecraftServer/]: Jacks has made the advancement [Chompy]
[07Mar2025 01:54:49.674] [Server thread/INFO] [net.minecraft.server.MinecraftServer/]: lion44 has made the advancement [The Parrots and the Bats]
[07Mar2025 01:54:50.476] [Server thread/INFO] [net.minecraft.server.MinecraftServer/]: Jacks was energized by Lightning Dragon
[07Mar2025 01:54:50.491] [Server thread/INFO] [tombstone/]: The player Jacks has successfully been saved
[07Mar2025 01:55:04.125] [Server thread/INFO] [net.minecraft.server.MinecraftServer/]: DuNvrGazO was slain by Lightning Dragon
[07Mar2025 01:55:04.145] [Server thread/INFO] [tombstone/]: The player DuNvrGazO has successfully been saved
[07Mar2025 01:55:20.873] [Server thread/INFO] [net.minecraft.server.MinecraftServer/]: Jacks has made the advancement [Mine? Mine? Mine?]
[07Mar2025 01:55:55.986] [Server thread/INFO] [net.minecraft.server.MinecraftServer/]: [Jacks: Teleported DuNvrGazO to Jacks]
[07Mar2025 01:56:05.138] [Server thread/INFO] [net.minecraft.server.MinecraftServer/]: DuNvrGazO was struck with lightning by Lightning Dragon
[07Mar2025 01:56:05.149] [Server thread/INFO] [tombstone/]: The player DuNvrGazO has successfully been saved
[07Mar2025 01:56:45.872] [Server thread/INFO] [net.minecraft.server.MinecraftServer/]: DuNvrGazO has made the advancement [Mine? Mine? Mine?]
[07Mar2025 01:56:56.324] [Server thread/INFO] [net.minecraft.server.MinecraftServer/]: Jacks was struck with lightning by Lightning Dragon
[07Mar2025 01:56:56.344] [Server thread/INFO] [tombstone/]: The player Jacks has successfully been saved
[07Mar2025 01:57:22.623] [Server thread/INFO] [net.minecraft.server.MinecraftServer/]: DuNvrGazO was slain by Lightning Dragon
[07Mar2025 01:57:22.641] [Server thread/INFO] [tombstone/]: The player DuNvrGazO has successfully been saved
[07Mar2025 01:58:17.967] [Server thread/INFO] [net.minecraft.server.MinecraftServer/]: lion44 fell from a high place
[07Mar2025 01:58:18.005] [Server thread/INFO] [tombstone/]: The player lion44 has successfully been saved
[07Mar2025 01:58:26.624] [Server thread/INFO] [net.minecraft.server.MinecraftServer/]: Jacks was slain by Lightning Dragon
[07Mar2025 01:58:26.643] [Server thread/INFO] [tombstone/]: The player Jacks has successfully been saved
[07Mar2025 02:00:44.734] [Server thread/INFO] [net.minecraft.server.MinecraftServer/]: DuNvrGazO was slain by Lightning Dragon
[07Mar2025 02:00:44.760] [Server thread/INFO] [tombstone/]: The player DuNvrGazO has successfully been saved
[07Mar2025 02:01:28.081] [Server thread/INFO] [net.minecraft.server.MinecraftServer/]: DuNvrGazO was energized by Lightning Dragon
[07Mar2025 02:01:28.099] [Server thread/INFO] [tombstone/]: The player DuNvrGazO has successfully been saved
[07Mar2025 02:01:40.929] [Server thread/INFO] [net.minecraft.server.MinecraftServer/]: [Jacks: Teleported Jacks to DuNvrGazO]
[07Mar2025 02:02:17.075] [Server thread/INFO] [net.minecraft.server.MinecraftServer/]: DuNvrGazO was slain by Lightning Dragon
[07Mar2025 02:02:17.090] [Server thread/INFO] [tombstone/]: The player DuNvrGazO has successfully been saved
[07Mar2025 02:02:51.612] [Server thread/INFO] [armorplus/]: Charge at: 1
[07Mar2025 02:05:20.733] [Server thread/INFO] [net.minecraft.server.network.ServerGamePacketListenerImpl/]: lion44 lost connection: Disconnected
[07Mar2025 02:05:20.733] [Server thread/INFO] [net.minecraft.server.MinecraftServer/]: lion44 left the game
[07Mar2025 02:06:14.444] [Server thread/WARN] [net.minecraft.server.network.ServerGamePacketListenerImpl/]: Boat (vehicle of DuNvrGazO) moved wrongly! 0.5181256502949054
[07Mar2025 02:06:14.498] [Server thread/WARN] [net.minecraft.server.network.ServerGamePacketListenerImpl/]: Boat (vehicle of DuNvrGazO) moved wrongly! 0.9140405970977099
[07Mar2025 02:06:14.559] [Server thread/WARN] [net.minecraft.server.network.ServerGamePacketListenerImpl/]: Boat (vehicle of DuNvrGazO) moved wrongly! 0.2873435058611449
[07Mar2025 02:06:17.945] [Server thread/WARN] [net.minecraft.server.network.ServerGamePacketListenerImpl/]: Boat (vehicle of DuNvrGazO) moved wrongly! 0.47430080881895265
[07Mar2025 02:06:18.035] [Server thread/WARN] [net.minecraft.server.network.ServerGamePacketListenerImpl/]: Boat (vehicle of DuNvrGazO) moved wrongly! 0.3361964636715129
[07Mar2025 02:07:54.535] [Server thread/INFO] [net.minecraft.server.MinecraftServer/]: [Jacks: Teleported Jacks to DuNvrGazO]
[07Mar2025 02:08:04.682] [Server thread/INFO] [net.minecraft.server.MinecraftServer/]: DuNvrGazO was doomed to fall
[07Mar2025 02:08:04.695] [Server thread/INFO] [tombstone/]: The player DuNvrGazO has successfully been saved
[07Mar2025 02:09:11.327] [Server thread/INFO] [net.minecraft.server.MinecraftServer/]: Jacks was slain by Fire Dragon
[07Mar2025 02:09:11.348] [Server thread/INFO] [tombstone/]: The player Jacks has successfully been saved
[07Mar2025 02:09:33.474] [Server thread/INFO] [net.minecraft.server.MinecraftServer/]: DuNvrGazO was slain by Fire Dragon
[07Mar2025 02:09:33.489] [Server thread/INFO] [tombstone/]: The player DuNvrGazO has successfully been saved
[07Mar2025 02:09:55.929] [Server thread/INFO] [net.minecraft.server.MinecraftServer/]: Jacks walked into fire whilst fighting Fire Dragon
[07Mar2025 02:09:55.941] [Server thread/INFO] [tombstone/]: The player Jacks has successfully been saved
[07Mar2025 02:10:11.523] [Server thread/INFO] [net.minecraft.server.MinecraftServer/]: DuNvrGazO was slain by Fire Dragon
[07Mar2025 02:10:11.539] [Server thread/INFO] [tombstone/]: The player DuNvrGazO has successfully been saved
[07Mar2025 02:10:19.530] [Server thread/INFO] [net.minecraft.server.MinecraftServer/]: Jacks was burnt to a crisp whilst fighting Fire Dragon
[07Mar2025 02:10:19.544] [Server thread/INFO] [tombstone/]: The player Jacks has successfully been saved
[07Mar2025 02:10:41.878] [Server thread/INFO] [net.minecraft.server.MinecraftServer/]: DuNvrGazO was burnt to a crisp whilst fighting Jacks
[07Mar2025 02:10:41.890] [Server thread/INFO] [tombstone/]: The player DuNvrGazO has successfully been saved
[07Mar2025 02:10:52.223] [Server thread/INFO] [net.minecraft.server.MinecraftServer/]: Jacks was slain by Fire Dragon
[07Mar2025 02:10:52.236] [Server thread/INFO] [tombstone/]: The player Jacks has successfully been saved
[07Mar2025 02:11:01.622] [Server thread/INFO] [net.minecraft.server.MinecraftServer/]: DuNvrGazO was slain by Fire Dragon
[07Mar2025 02:11:01.636] [Server thread/INFO] [tombstone/]: The player DuNvrGazO has successfully been saved
[07Mar2025 02:13:26.432] [Server thread/INFO] [armorplus/]: Charge at: 25
[07Mar2025 02:13:43.879] [Server thread/INFO] [net.minecraft.server.MinecraftServer/]: [Jacks: Teleported Jacks to DuNvrGazO]
[07Mar2025 02:14:07.181] [Server thread/INFO] [net.minecraft.server.MinecraftServer/]: Jacks was doomed to fall
[07Mar2025 02:14:07.229] [Server thread/INFO] [tombstone/]: The player Jacks has successfully been saved
[07Mar2025 02:14:15.876] [Server thread/INFO] [net.minecraft.server.MinecraftServer/]: [Jacks: Teleported Jacks to DuNvrGazO]
[07Mar2025 02:15:17.026] [Server thread/INFO] [net.minecraft.server.MinecraftServer/]: DuNvrGazO died because of Diamond Golem
[07Mar2025 02:15:17.036] [Server thread/INFO] [tombstone/]: The player DuNvrGazO has successfully been saved
[07Mar2025 02:15:19.034] [Server thread/INFO] [net.minecraft.server.MinecraftServer/]: Jacks was doomed to fall
[07Mar2025 02:15:19.044] [Server thread/INFO] [tombstone/]: The player Jacks has successfully been saved
[07Mar2025 02:16:07.879] [Server thread/INFO] [net.minecraft.server.MinecraftServer/]: DuNvrGazO was doomed to fall
[07Mar2025 02:16:07.889] [Server thread/INFO] [tombstone/]: The player DuNvrGazO has successfully been saved
[07Mar2025 02:18:19.476] [Server thread/WARN] [net.minecraft.server.level.ServerPlayerGameMode/]: Mismatch in destroy block pos: BlockPos{x=3721, y=121, z=-1426} BlockPos{x=3720, y=120, z=-1425}
[07Mar2025 02:22:14.853] [Server thread/INFO] [net.minecraft.server.players.PlayerList/]: david150[/127.249.134.132:46175] logged in with entity id 157800 at (464.813055349483, 28.0, -91.21690841080125)
[07Mar2025 02:22:14.870] [Server thread/INFO] [net.minecraft.server.MinecraftServer/]: david150 joined the game
[07Mar2025 02:22:14.896] [Server thread/INFO] [Jade/]: Syncing config to david150 (66b06873-8805-3864-9b26-f8411ece25c8)
[07Mar2025 02:22:58.887] [Server thread/INFO] [net.minecraft.server.network.ServerGamePacketListenerImpl/]: Jacks lost connection: Disconnected
[07Mar2025 02:22:58.887] [Server thread/INFO] [net.minecraft.server.MinecraftServer/]: Jacks left the game
[07Mar2025 02:23:45.681] [Server thread/INFO] [net.minecraft.server.MinecraftServer/]: david150 has made the advancement [Suit Up]
[07Mar2025 02:27:56.179] [Server thread/INFO] [net.minecraft.server.MinecraftServer/]: DuNvrGazO was slain by Minotaurus
[07Mar2025 02:27:56.190] [Server thread/INFO] [tombstone/]: The player DuNvrGazO has successfully been saved
[07Mar2025 02:28:33.048] [Server thread/INFO] [net.minecraft.server.MinecraftServer/]: david150 has made the advancement [Knowledge of Death]
[07Mar2025 02:28:33.048] [Server thread/INFO] [net.minecraft.server.MinecraftServer/]: david150 has made the advancement [A Strange Grave Dust]
[07Mar2025 02:29:18.780] [Server thread/INFO] [net.minecraft.server.MinecraftServer/]: DuNvrGazO was slain by Minotaurus
[07Mar2025 02:29:18.794] [Server thread/INFO] [tombstone/]: The player DuNvrGazO has successfully been saved
[07Mar2025 02:35:05.979] [Server thread/INFO] [net.minecraft.server.MinecraftServer/]: [DuNvrGazO: Set spawn point to 3724, 119, -1426 [0.0] in minecraft:overworld for DuNvrGazO]
[07Mar2025 02:36:40.604] [Server thread/INFO] [net.minecraft.server.MinecraftServer/]: [david150: Teleported david150 to DuNvrGazO]
[07Mar2025 02:38:33.204] [Server thread/INFO] [net.minecraft.server.MinecraftServer/]: david150 fell from a high place
[07Mar2025 02:38:33.213] [Server thread/INFO] [tombstone/]: The player david150 has successfully been saved
